<?xml version="1.0" encoding="UTF-8"?>
<!-- Generated by org.testng.reporters.JUnitXMLReporter -->
<testsuite hostname="DESKTOP-8OBLECF" ignored="0" name="Default test" tests="3" failures="0" timestamp="2021-04-16T10:31:59 IST" time="11.298" errors="0">
  <testcase name="getResponseCode" time="6.562" classname="com.learnautomation.api.FirstAPITest"/>
  <testcase name="getResponseData" time="4.348" classname="com.learnautomation.api.FirstAPITest"/>
  <testcase name="testSite" time="0.247" classname="com.learnautomation.api.FirstAPITest"/>
</testsuite> <!-- Default test -->
