<?xml version="1.0" encoding="UTF-8"?>
<testng-results skipped="0" failed="0" ignored="0" total="1" passed="1">
  <reporter-output>
  </reporter-output>
  <suite name="Default suite" duration-ms="25391" started-at="2021-04-09T10:28:36 IST" finished-at="2021-04-09T10:29:02 IST">
    <groups>
    </groups>
    <test name="Default test" duration-ms="25391" started-at="2021-04-09T10:28:36 IST" finished-at="2021-04-09T10:29:02 IST">
      <class name="com.learnautomation.orangehrm.grid.MyFirstSeleniumGrid">
        <test-method status="PASS" signature="testOnBrowserStack()[pri:0, instance:com.learnautomation.orangehrm.grid.MyFirstSeleniumGrid@6ec8211c]" name="testOnBrowserStack" duration-ms="25160" started-at="2021-04-09T10:28:37 IST" finished-at="2021-04-09T10:29:02 IST">
          <reporter-output>
          </reporter-output>
        </test-method> <!-- testOnBrowserStack -->
      </class> <!-- com.learnautomation.orangehrm.grid.MyFirstSeleniumGrid -->
    </test> <!-- Default test -->
  </suite> <!-- Default suite -->
</testng-results>
